<?xml version="1.0" encoding="UTF-8"?>
<!-- Generated by org.testng.reporters.JUnitReportReporter -->
<testsuite hostname="Lavanya" failures="0" tests="4" name="com.tests.herokuapp.LoginTest" time="15.622" errors="0" timestamp="2022-05-30T17:34:12 IST" skipped="0">
  <testcase classname="com.tests.herokuapp.LoginTest" name="InvalidUn" time="9.247"/>
  <system-out/>
  <testcase classname="com.tests.herokuapp.LoginTest" name="InValidPwd" time="1.895"/>
  <system-out/>
  <testcase classname="com.tests.herokuapp.LoginTest" name="ValidCredentials" time="2.741"/>
  <system-out/>
  <testcase classname="com.tests.herokuapp.LoginTest" name="BackroundClr" time="1.739"/>
  <system-out/>
</testsuite> <!-- com.tests.herokuapp.LoginTest -->
