<?xml version="1.0" encoding="UTF-8"?>
<!-- Generated by org.testng.reporters.JUnitReportReporter -->
<testsuite hostname="Lavanya" failures="0" tests="1" name="com.tests.herokuapp.HerokuappLoginTest" time="8.137" errors="0" timestamp="2022-06-09T14:36:41 IST" skipped="0">
  <testcase classname="com.tests.herokuapp.HerokuappLoginTest" name="InvalidUn" time="8.137"/>
  <system-out/>
</testsuite> <!-- com.tests.herokuapp.HerokuappLoginTest -->
