<?xml version="1.0" encoding="UTF-8"?>
<!-- Generated by org.testng.reporters.JUnitReportReporter -->
<testsuite hostname="Lavanya" failures="0" tests="4" name="com.tests.herokuapp.Login" time="21.042" errors="0" timestamp="2022-05-27T23:42:01 IST" skipped="0">
  <testcase classname="com.tests.herokuapp.Login" name="BackroundClr" time="6.018"/>
  <system-out/>
  <testcase classname="com.tests.herokuapp.Login" name="InValidPwd" time="10.693"/>
  <system-out/>
  <testcase classname="com.tests.herokuapp.Login" name="ValidCredentials" time="2.706"/>
  <system-out/>
  <testcase classname="com.tests.herokuapp.Login" name="InvalidUn" time="1.625"/>
  <system-out/>
</testsuite> <!-- com.tests.herokuapp.Login -->
